"maximum memory-allocation size exceeded"                                       
"program too large for memory"                                                  
"statement stack underflow"                                                     
"statement-nesting limit exceeded"                                              
"illegal command-line option"                                                   
"too many symbols"                                                              
"ASSIGN : too many format labels"                                               
"%s : include file nested too deeply"                                           
"%s : unrecognized option"                                                      
"%s : cannot open file"                                                         
"%s : name too long"                                                            
"cannot open internal files"                                                    
"unknown primitive type"                                                        
"missing symbol reference"                                                      
"unknown constant type"                                                         
"illegal -A option"                                                             
"too many ENTRY statements"                                                     
"integer string too long"                                                       
"CHARACTER constant too long"                                                   
"FORMAT string too long"                                                        
"out of disk space for compiler internal file"                                  
"write error on compiler internal file"                                         
"illegal Xxprep node type"                                                      
"illegal %s flag, would overwrite %s with %s"                                   
"too many %s flags, %s"                                                         
"%s : unknown option (%c) "                                                     
"%s : illegal number in switch"                                                 
"no state transition for root of tree"                                          
"illegal type conversion"                                                       
"INTEGER value overflow"                                                        
"Hollerith not allowed"                                                         
"illegal base value"                                                            
"INTEGER constant must follow #"                                                
"illegal REAL constant"                                                         
"missing ] following attribute string"                                          
"opening quote missing"                                                         
"unrecognized attribute"                                                        
"%c : illegal separator"                                                        
"%Fs : name too long; truncated"                                                
"%s : name too long; truncated"                                                 
"octal value too big for byte"                                                  
"%s : already specified in $%sLARGE"                                            
"too many continuation lines"                                                   
"$DEBUG:'<debug-list>' : string expected"                                       
"$IF : no matching $ENDIF"                                                      
"$INCLUDE:'<filename>' : string expected"                                       
"$%s : integer constant out of range"                                           
"$%s:<integer constant> : integer constant expected"                            
"$%sLARGE already set"                                                          
"$%sLARGE illegal in executable statements"                                     
"$MESSAGE:'<message>' : string expected"                                        
"no matching $IF"                                                               
"metacommands are nonstandard"                                                  
"$STORAGE:<number> : 2 or 4 expected"                                           
"$SUBTITLE:'<subtitle>' : string expected"                                      
"$TITLE:'<title>' : string expected"                                            
"unrecognized metacommand"                                                      
"closing quote missing"                                                         
"zero-length CHARACTER constant"                                                
"Hollerith constant exceeds 1313 characters"                                    
"zero-length Hollerith constant"                                                
"Hollerith constant : text length disagrees with given length"                  
"%s : non-FORTRAN character"                                                    
"illegal label field"                                                           
"zero-value label field"                                                        
"free-form label too long"                                                      
"label on continuation line"                                                    
"first statement line must have ' ' or '0' in column 6"                         
"label on blank line"                                                           
"alternate bases illegal"                                                       
"%s : nonstandard character string delimiter"                                   
"$DEFINE : %s : already defined"                                                
"invalid expression in metacommand"                                             
"unmatched parenthesis"                                                         
"%c : unrecognized character"                                                   
"%s : not defined"                                                              
"logical operator expected"                                                     
" %c : unexpected characters at end of expression"                              
"operand expected"                                                              
"invalid integer constant"                                                      
"$UNDEFINE : %s : not defined"                                                  
"relational operator expected"                                                  
"%s : defined with no value"                                                    
"%s : cannot open include file"                                                 
"INCLUDE : quoted string missing"                                               
"INCLUDE : argument must be character constant"                                 
"DO : too many expressions"                                                     
"I/O implied-DO list : list empty"                                              
"I/O implied-DO list : too many expressions"                                    
"I/O implied-DO list : illegal assignment"                                      
"I/O implied-DO list : too few expressions"                                     
"I/O implied-DO list : assigment missing"                                       
"assignments in COMPLEX constant illegal"                                       
"illegal assignment in parenthesized expression"                                
"numeric constant expected"                                                     
"%s : not symbolic constant"                                                    
"component of COMPLEX number not INTEGER or REAL"                               
"parser stack overflow, statement too complex"                                  
"syntax error"                                                                  
"%Fs : formal argument %Fs : CHARACTER *(*) cannot pass by value"               
"%Fs : type redefined"                                                          
"%Fs : defined with different number of arguments"                              
"%Fs : formal argument %Fs : symbol-class mismatch"                             
"ENTRY seen before FUNCTION or SUBROUTINE"                                      
"ENTRY not in function or subroutine"                                           
"%s : formal argument used as ENTRY"                                            
"%s : illegal as formal argument"                                               
"%s : formal argument redefined"                                                
"alternate RETURN only legal within SUBROUTINE"                                 
"%s : subprogram used or declared before INTERFACE"                             
"%s : already defined"                                                          
"%s : already used or declared with different symbol class"                     
"%s : ENTRY : CHARACTER lengths differ"                                         
"%s : ENTRY : CHARACTER and non-CHARACTER types mixed in ENTRY statements "     
"too many PROGRAM statements"                                                   
"%s : used or declared before ENTRY statement"                                  
"%Fs : formal argument %Fs : VALUE/REFERENCE mismatch"                          
"%Fs : length redefined"                                                        
"%Fs : formal argument %Fs : NEAR/FAR/HUGE mismatch"                            
"%s : formal argument previously initialized"                                   
"%Fs : formal argument %Fs : subprogram passed by VALUE"                        
"%Fs : language attribute mismatch"                                             
"%Fs : NEAR/FAR attribute mismatch"                                             
"%Fs : VARYING attribute mismatch"                                              
"%Fs : formal argument %Fs : previously passed by value, now by reference"      
"%Fs : formal argument %Fs : previously passed by reference, now by value"      
"%Fs : formal argument %Fs : previously passed with NEAR, now with FAR or HUGE" 
"%Fs : formal argument %Fs : previously passed with FAR or HUGE, now with NEAR" 
"%s : PROGRAM : name redefined"                                                 
"%Fs : formal argument %Fs : Hollerith passed to CHARACTER formal argument"     
"%Fs : previously called near"                                                  
"%Fs : previously called far"                                                   
"%Fs : EQUIVALENCE : structure elements illegal"                                
"%Fs : EQUIVALENCE : formal argument illegal"                                   
"%s : EQUIVALENCE : formal argument illegal"                                    
"%s : COMMON : formal argument illegal"                                         
"%Fs : EQUIVALENCE : not array"                                                 
"%Fs : EQUIVALENCE : array subscripts missing"                                  
"%Fs : EQUIVALENCE : nonconstant offset illegal"                                
"%Fs : nonconstant lower substring expression illegal"                          
"%Fs : EQUIVALENCE : enclosing class too big"                                   
"%s : %s : allocatable array illegal"                                           
"%s : %s : length specification illegal"                                        
"%s : %s : attributes on items illegal"                                         
"%Fs : %s : attributes on items illegal"                                        
"%s : %s : %s name illegal"                                                     
"%s : %s : preinitialization illegal"                                           
"%s : STRUCTURE : preinitialization illegal"                                    
"%s : EQUIVALENCE : preinitialization illegal"                                  
"%s : COMMON : preinitialization illegal"                                       
"%s : %s : formal argument illegal"                                             
"%s : %s : not an array or variable"                                            
"%Fs : COMMON : too big"                                                        
"%Fs : STRUCTURE : too big"                                                     
"%Fs : COMMON : array size nonconstant or zero"                                 
"%Fs, %Fs : EQUIVALENCE : both in blank common block"                           
"%s, %s : EQUIVALENCE : both in common block %Fs"                               
"%Fs, %Fs : EQUIVALENCE : in different common blocks"                           
"%Fs : EQUIVALENCE : extends blank common block forward"                        
"%Fs : EQUIVALENCE : extends common block %Fs forward"                          
"%Fs, %Fs : EQUIVALENCE : conflicting offsets"                                  
"%Fs : EQUIVALENCE : two different common blocks"                               
"%Fs : COMMON : size changed"                                                   
"%Fs : COMMON : too big to be NEAR"                                             
"%s : COMMON : function or subroutine name"                                     
"%Fs : already in COMMON"                                                       
"%Fs : EQUIVALENCE : needs at least two items"                                  
"%Fs : already typed"                                                           
"%s : already typed"                                                            
"blank common can not be HUGE"                                                  
"%Fs : already dimensioned"                                                     
"%s : types illegal on BLOCK DATA/COMMON/PROGRAM/SUBROUTINE"                    
"%s : cannot initialize in type statements"                                     
"%s : DIMENSION : not array"                                                    
"%Fs : ALLOCATABLE : bounds must be omitted"                                    
"%Fs : array bounds missing"                                                    
"%Fs : * : not last array bound"                                                
"%Fs : bound size too small"                                                    
"%Fs : adjustable-size array not in subprogram"                                 
"IMPLICIT already seen"                                                         
"%s : IMPLICIT : only single letter allowed"                                    
"IMPLICIT NONE already seen"                                                    
"%c, %c : IMPLICIT : lower limit exceeds upper limit"                           
"%c : already IMPLICIT"                                                         
"%s : illegal use of %s"                                                        
"%s : INTRINSIC : unknown name"                                                 
"%Fs : missing type"                                                            
"%s : already declared %s"                                                      
"%s : PARAMETER : nonconstant expression"                                       
"RECORD : structure type illegal in IMPLICIT statement"                         
"%s : repeated in formal-argument list"                                         
"%s : formal argument not local variable"                                       
"%s : statement function already declared"                                      
"%s : formal argument not a variable"                                           
"%s : statement function : too few actual arguments"                            
"%s : statement function : too many actual arguments"                           
"%s : illegal length"                                                           
"no matching [END] STRUCTURE/UNION/MAP statement"                               
"STRUCTURE : not a name"                                                        
"integer constant expression expected"                                          
"length %ld : illegal type length"                                              
"only C attribute legal on INTEGER type"                                        
"attributes illegal on non-INTEGER types"                                       
"%s : length specifier illegal"                                                 
"DOUBLE PRECISION : length specifier illegal"                                   
"DOUBLE COMPLEX : length specifier illegal"                                     
"value %ld : INTEGER : range error"                                             
"%s : truncated to 6 characters"                                                
"%Fs : $ illegal in C name"                                                     
"length specification illegal"                                                  
"%Fs, %Fs : EQUIVALENCE : character and noncharacter items mixed"               
"%Fs : more than 7 array bounds"                                                
"%Fs : %s only legal on formal arguments"                                       
"%s : attributes illegal on array bounds"                                       
"%Fs : assumed-size array : cannot pass by value"                               
"%Fs : adjustable-size array : cannot pass by value"                            
"%Fs : NEAR common block has HUGE item"                                         
"%Fs : NEAR array bigger than segment"                                          
"%Fs : item in equivalence or common block crosses segment"                     
"%Fs : VARYING illegal on symbol class"                                         
"%Fs : NEAR/FAR/HUGE attribute mismatches default"                              
"%Fs : %s attribute mismatch with earlier NEAR/FAR/HUGE"                        
"%Fs : COMMON : character and noncharacter items mixed"                         
"%Fs : allocatable variable cannot be AUTOMATIC"                                
"%s : %s variable cannot be AUTOMATIC"                                          
"%Fs : STRUCTURE has no elements"                                               
"NAMELIST : group name required"                                                
"%Fs : STRUCTURE: intrinsic type name"                                          
"%s : NAMELIST : array bounds illegal"                                          
"%s : not a STRUCTURE name"                                                     
"%Fs : ALLOCATABLE : common block variable illegal"                             
"%Fs : ALLOCATABLE : equivalenced variable illegal"                             
"MAP : no enclosing UNION statement"                                            
" %Fs : element name conflicts with operator"                                   
"%s : %s : structure illegal"                                                   
"UNION : not in a STRUCTURE"                                                    
"%Fs : ALLOCATABLE : must be an array"                                          
"%Fs : RECORD : illegal FUNCTION type"                                          
"%s : already in this namelist group"                                           
"%s : %s : automatic variable illegal"                                          
"%Fs : COMMON not defined"                                                      
"%s : DATA : illegal address expression"                                        
"%s : cannot initialize formal argument"                                        
"%s : cannot initialize item in blank common block"                             
"%s : can only initialize common block in BLOCK DATA subprogram"                
"%s : DATA : not an array or variable"                                          
"%Fs : repeat count not positive integer"                                       
"%Fs : DATA : nonconstant item in initializer list"                             
"%Fs : DATA : too few constants to initialize item"                             
"%s : nonstatic address illegal in initialization"                              
"%s : bound or increment not constant"                                          
"%s : DATA : zero increment"                                                    
"%Fs : DATA : active implied-DO variable"                                       
"%s : DATA : implied-DO variable not INTEGER"                                   
"%s : DATA : not array-element name"                                            
"DATA : too few constants to initialize names"                                  
"%s : bound or increment not INTEGER"                                           
"DATA : iteration count not positive"                                           
"%Fs : variable was declared automatic"                                         
"%s : variable was declared automatic"                                          
"%s : cannot initialize allocatable array"                                      
"%Fs : ALLOCATABLE : dummy argument illegal"                                    
"%s : STAT= must be last parameter"                                             
"%s : %s : not allocatable array"                                               
"%s : STAT= variable must be scalar integer"                                    
"%Fs : * : illegal bound"                                                       
"%s : DLLIMPORT must not be initialized"                                        
 "%s : DLLEXPORT must be initialized"                                           
"%Fs : adjustable-size array : used before definition"                          
"%s : cannot convert to %s"                                                     
"%s : incorrect use of intrinsic function"                                      
"%s : multiple arguments"                                                       
"%s : cannot convert FAR address to NEAR"                                       
"cannot convert type to %s"                                                     
"%Fs : array bound used array reference"                                        
"%s : not an element of %Fs"                                                    
"%s : symbolic constant : subscript illegal"                                    
"%s : symbolic constant : substring illegal"                                    
"%s : variable : argument list illegal"                                         
"%Fs : variable : argument list illegal"                                        
"%s : not a variable"                                                           
"concatenation with CHARACTER*(*)"                                              
"left side of assignment illegal"                                               
"%Fs : assignment using active DO variable illegal"                             
"illegal implied-DO list in expression"                                         
"%s : not a structure"                                                          
"%Fs : not a structure"                                                         
"%s : operation error with COMPLEX operands"                                    
"%s : operation error with REAL operands"                                       
"negative exponent with zero base"                                              
"division by zero"                                                              
"only comparisons by .EQ. and .NE. allowed for complex items"                   
"non-numeric operand"                                                           
"exponentiation of COMPLEX and DOUBLE PRECISION together illegal"               
"concatenation of expressions illegal"                                          
"noncharacter operand"                                                          
"nonlogical operand"                                                            
"operands of relation not numeric or character"                                 
"%Fs : symbol class illegal here"                                               
"%s : bound not integer"                                                        
"%Fs : substring on noncharacter item"                                          
"%s : substring on noncharacter item"                                           
"%Fs : lower substring bound exceeds upper bound"                               
"%Fs : upper substring bound exceeds string length"                             
"%Fs : lower substring bound not positive"                                      
"%Fs : subscript %ld out of range"                                              
"%Fs : array subscripts missing"                                                
"%Fs : subscript %d : not integer"                                              
"%Fs : too few array subscripts"                                                
"%Fs : too many array subscripts"                                               
"cannot convert between CHARACTER and non-CHARACTER constants"                  
"one numeric, one character operand"                                            
"operand type must be logical or integer"                                       
"operand types do not match"                                                    
"invalid operator for structure variable operands"                              
"%Fs : array bound used illegal variable"                                       
"%Fs : array bound used intrinsic call"                                         
"%Fs : array bound used function call"                                          
"cannot pass CHARACTER*(*) by value"                                            
"incompatible types for formal and actual arguments"                            
"incompatible types in assignment"                                              
"%s : COMPLEX : type conversion error"                                          
"%s : REAL : type conversion error"                                             
"LEN : illegal expression"                                                      
"%Fs : illegal bound type"                                                      
"%Fs : Hollerith constant passed by value"                                      
"consecutive arithmetic operators illegal"                                      
"consecutive relational operators illegal"                                      
"illegal use of Hollerith constant"                                             
"%Fs : directly recursive"                                                      
"%Fs : intrinsic function illegal as actual argument"                           
"%Fs : formal argument %Fs : CHARACTER expressions cannot be passed by VALUE"   
"%s : function : argument list missing"                                         
"%s : function : substring operator illegal"                                    
"%Fs : formal argument %Fs : type mismatch"                                     
"%Fs : formal argument %Fs : length mismatch"                                   
"%Fs : formal argument %Fs : Hollerith illegal with CHARACTER"                  
"%Fs : formal argument * : actual not alternate-return label"                   
"%Fs : formal argument %Fs : not alternate-return label"                        
"%Fs : formal argument %Fs : actual not subprogram"                             
"%Fs : NEAR formal argument %Fs : actual has FAR or HUGE address"               
"%Fs : not function or subroutine"                                              
"%Fs : illegal use of function or subroutine"                                   
"%Fs : adjustable-size array %Fs : cannot pass by value"                        
"%Fs : cannot use CHARACTER *(*) function"                                      
"%Fs : value argument bigger than segment"                                      
"%Fs : formal argument %Fs : subprogram mismatch"                               
"%Fs : formal argument %Fs : not subprogram"                                    
"%Fs : assumed-size array %Fs : cannot pass by value"                           
"nonconstant CHARACTER length : cannot pass by value"                           
"%Fs : too few actual arguments"                                                
"%Fs : too many actual arguments"                                               
"formal argument %s: cannot be SAVE or AUTOMATIC"                               
"%Fs : array expression : cannot be adjustable-size array"                      
"%Fs : array expression : argument does not conform"                            
"%Fs : array expression : cannot be assumed-size array"                         
"%Fs : array expression : cannot be allocatable array"                          
"%s : array subscript missing"                                                  
"%s : not %s"                                                                   
"%s : not a variable or array element"                                          
"label %ld : not between 1 and 99999"                                           
"UNIT = * illegal for this statement"                                           
"illegal unit specifier"                                                        
"illegal format specifier"                                                      
"HUGE format illegal"                                                           
"UNIT=* : unformatted I/O illegal"                                              
"FAR format illegal in medium model"                                            
"%s : appears twice"                                                            
"%s : illegal statement label"                                                  
"I/O option %ld : <keyword>= missing"                                           
"%s : option illegal for this statement"                                        
"INQUIRE : either UNIT= or FILE= needed"                                        
"UNIT= missing"                                                                 
"illegal I/O formatting for internal unit"                                      
"REC= illegal for internal unit"                                                
"FORMAT : label missing"                                                        
"no ASSIGN statements for FMT=<integer variable>"                               
"UNIT= : not between -32767 and 32767"                                          
"%s : unrecognized value in option"                                             
"RECL= required to open direct-access file"                                     
"illegal input list item"                                                       
"%s : * illegal with this option"                                               
"%Fs : assumed-size array illegal here"                                         
"attributes are nonstandard"                                                    
"FAR or HUGE I/O item illegal in medium model"                                  
"%Fs : cannot modify active DO variable"                                        
"%s : noncharacter array nonstandard"                                           
"%s : nonstandard statement"                                                    
"%s : option nonstandard"                                                       
"END= : illegal when REC= present"                                              
"REC= : illegal when FMT= *"                                                    
"LOCKING : nonstandard"                                                         
"%s : lowercase in string nonstandard"                                          
"%Fs : HUGE internal units illegal"                                             
"%Fs : record length too large for internal unit"                               
"RECL= : out of range"                                                          
"ACCESS= : nonstandard option value"                                            
"format specification illegal when namelist specified"                          
"%s : NML= : not a namelist group name"                                         
"NML= : namelist group name missing"                                            
"%s : I/O of entire structures illegal"                                         
"I/O item illegal in namelist I/O"                                              
"%Fs : CHARACTER*(*) type illegal"                                              
"no ASSIGN statements for assigned %s"                                          
"%Fs : ASSIGN : variable not INTEGER"                                           
"%Fs : ASSIGN : too many INTEGER*1 variables"                                   
"label %ld : redefined in program unit"                                         
"DO-loop variable : not a variable"                                             
"%Fs : illegal use of active DO-loop variable"                                  
"DO-loop variable not INTEGER or REAL"                                          
"DO-loop expression not INTEGER or REAL"                                        
"zero illegal as increment"                                                     
"IF or ELSEIF missing"                                                          
"ENDIF missing"                                                                 
"DO-loop label %ld : not seen"                                                  
"IF, ELSEIF, or ELSE missing"                                                   
"assigned GOTO variable not INTEGER"                                            
"computed GOTO variable not INTEGER"                                            
"expression type not LOGICAL"                                                   
"expression type not INTEGER or REAL"                                           
"illegal statement after logical IF"                                            
"block label %ld : must not be referenced"                                      
"label %ld : previously used as executable label"                               
"label %ld : previously used as FORMAT label"                                   
"DO-loop label %ld : out of order"                                              
"assigned and unconditional GOTO illegal here"                                  
"block and arithmetic IF illegal here"                                          
"statement illegal as DO-loop termination"                                      
"%s : maximum of 5 digits"                                                      
"ASSIGN target not an INTEGER variable"                                         
"%s : illegal expression"                                                       
"END missing"                                                                   
"label %ld : must not be referenced"                                            
"statement illegal in INTERFACE"                                                
"RETURN : integer or character expression required"                             
"%Fs : alternate RETURN missing"                                                
"statement out of order or END missing"                                         
"statement out of order"                                                        
"label %ld : undefined"                                                         
"statement illegal in BLOCK DATA"                                               
"only variables allowed in assigned GOTO statements"                            
"%Fs : assumed-size array : not reference argument"                             
"%Fs : adjustable-size array : not reference argument"                          
"too many assigned GOTO statements"                                             
"statement illegal with INTERFACE"                                              
"no matching DO loop"                                                           
"END SELECT missing"                                                            
"DO-loop ENDDO : not seen"                                                      
"statement illegal in STRUCTURE declaration"                                    
"expression must be integer, character, or logical"                             
"no matching SELECT CASE statement"                                             
"only one CASE DEFAULT allowed"                                                 
"CASE values must be constant expressions"                                      
"CASE value type does not match SELECT CASE expression type"                    
"overlapping case values"                                                       
"a CASE statement must follow a SELECT CASE statement"                          
"LOGICAL case value ranges illegal"                                             
"SELECT CASE : character expression must be of length 1"                        
"lower value exceeds upper value in case value range"                           
"%Fs : element is an array"                                                     
"-4I2 or -4I4 expected"                                                         
"-4Y and -4N : both options used for argument"                                  
"separator expected in format"                                                  
"%c or $ : nonstandard edit descriptor in format"                               
"Z : nonstandard edit descriptor in format"                                     
"Hollerith illegal with CHARACTER in relationals"                               
"%Fs : formal argument %Fs : type mismatch"                                     
"%Fs : formal argument %Fs : length mismatch"                                   
"colon expected following ALIAS"                                                
"$DEBUG:'<debug-list>' illegal with $FREEFORM"                                  
"$DECMATH not supported"                                                        
"metacommand already set"                                                       
"metacommand must come before all FORTRAN statements"                           
"characters following metacommand ignored"                                      
"%s : error closing file"                                                       
"empty escape sequence"                                                         
"%c : nonalphabetic character in $DEBUG ignored"                                
"%s : This option or attribute is not supported by FORTRAN PowerStation"        
"ENTRY : formal argument %s : attribute %s : mismatch"                          
"%Fs : formal argument %Fs : never used"                                        
"%Fs : language attributes illegal on formal arguments"                         
"%s : not previously declared"                                                  
"%s : declared with wrong type"                                                 
"%Fs : %s illegal with attributes specified in same list"                       
"%Fs : %s illegal with attributes specified in earlier list"                    
"%s : attribute repeated"                                                       
"%Fs : %s attribute repeated"                                                   
"%Fs : %s illegal on COMMON statements"                                         
"%Fs : %s illegal on formal arguments"                                          
"%Fs : %s illegal on ENTRY statements"                                          
"%Fs : %s illegal on subprogram statements"                                     
"%Fs : %s illegal on variable declarations"                                     
"%Fs : %s illegal on type declarations"                                         
"%Fs : %s illegal on NAMELIST declarations"                                     
"%Fs : EQUIVALENCE : nonconstant upper substring expression ignored"            
"%Fs : INTERFACE : not formal argument"                                         
"%Fs : %s illegal on STRUCTURE declarations"                                    
"%Fs : COMMON : size changed"                                                   
"%Fs : NEAR/FAR/HUGE equivalence attribute conflict"                            
"DATA : more constants than names"                                              
"%Fs : subscript %ld out of range"                                              
"%Fs : alternate RETURN statement missing"                                      
"%Fs : FAR formal argument %Fs : passed HUGE array"                             
"%Fs : formal argument %s : passed FAR/HUGE"                                    
"label %ld : used across blocks"                                                
"no assigned GOTO or FMT= for ASSIGN statement"                                 
"%Fs : FUNCTION : return variable not set"                                      
"-4Y and -4N : both options used; -4Y assumed"                                  
"-W%d : illegal warning level ignored"                                          
"-Zp%d : illegal pack value ignored"                                            
"%Fs : procedure must be EXTERNAL"                                              
"CHARACTER*(*) in multi-thread may not work"                                    
"%Fs : variable used but not defined"                                           
"%Fs : variable declared but not used"                                          
"integer expected in format"                                                    
"initial left parenthesis expected in format"                                   
"positive integer expected in format"                                           
"repeat count on nonrepeatable descriptor"                                      
"integer expected preceding H, X, or P edit descriptor"                         
"N or Z expected after B in format"                                             
"format nesting limit exceeded"                                                 
"'.' : expected in format"                                                      
"unexpected end of format"                                                      
"unexpected character in format"                                                
"'%c' : unexpected character in format"                                         
"M field exceeds W field in I edit descriptor"                                  
